DEBUG:root:[176 227 248]
DEBUG:root:[176 227 248]
DEBUG:root:[177 227 248]
DEBUG:root:[177 226 248]
DEBUG:root:[177 226 248]
DEBUG:root:[177 226 248]
DEBUG:root:[177 226 248]
DEBUG:root:[177 226 248]
DEBUG:root:[177 227 248]
DEBUG:root:[177 227 248]
DEBUG:root:[177 227 248]
DEBUG:root:[177 227 248]
DEBUG:root:[177 226 248]
DEBUG:root:[177 226 248]
DEBUG:root:[177 226 248]
DEBUG:root:[177 227 248]
DEBUG:root:[177 227 248]
DEBUG:root:[177 227 248]
DEBUG:root:[177 226 248]
DEBUG:root:[176 226 248]
DEBUG:root:[176 226 248]
DEBUG:root:[176 226 248]
DEBUG:root:[176 227 248]
DEBUG:root:[176 227 248]
DEBUG:root:[176 227 248]
DEBUG:root:[176 227 248]
DEBUG:root:[176 227 248]
DEBUG:root:[176 227 248]
DEBUG:root:[176 227 248]
DEBUG:root:[176 227 248]
DEBUG:PIL.PngImagePlugin:STREAM b'IHDR' 16 13
DEBUG:PIL.PngImagePlugin:STREAM b'pHYs' 41 9
DEBUG:PIL.PngImagePlugin:STREAM b'iTXt' 62 1261
DEBUG:PIL.PngImagePlugin:STREAM b'IDAT' 1335 25740
DEBUG:root:[176 226 249]
DEBUG:root:[177 226 248]
DEBUG:root:[176 227 248]
DEBUG:root:[176 227 249]
DEBUG:root:[176 226 249]
DEBUG:root:[176 226 248]
DEBUG:root:[177 227 248]
DEBUG:root:[176 227 249]
DEBUG:root:[176 226 249]
DEBUG:root:[177 226 249]
DEBUG:root:[176 226 248]
DEBUG:root:[176 227 249]
DEBUG:root:[176 227 248]
DEBUG:root:[177 226 248]
DEBUG:root:[177 227 248]
DEBUG:root:[177 227 248]
DEBUG:root:[176 226 249]
DEBUG:root:[177 226 249]
DEBUG:root:[177 227 248]
DEBUG:root:[176 227 249]
DEBUG:root:[177 226 248]
DEBUG:root:[176 226 248]
DEBUG:root:[177 227 249]
DEBUG:root:[176 226 249]
DEBUG:root:[176 227 248]
DEBUG:root:[176 227 248]
DEBUG:root:[176 227 248]
DEBUG:root:[176 227 248]
DEBUG:root:[176 227 248]
DEBUG:root:[176 227 248]
DEBUG:PIL.PngImagePlugin:STREAM b'IHDR' 16 13
DEBUG:PIL.PngImagePlugin:STREAM b'pHYs' 41 9
DEBUG:PIL.PngImagePlugin:STREAM b'iTXt' 62 1261
DEBUG:PIL.PngImagePlugin:STREAM b'IDAT' 1335 25740
DEBUG:PIL.PngImagePlugin:STREAM b'IHDR' 16 13
DEBUG:PIL.PngImagePlugin:STREAM b'IDAT' 41 25784
DEBUG:PIL.PngImagePlugin:STREAM b'IHDR' 16 13
DEBUG:PIL.PngImagePlugin:STREAM b'pHYs' 41 9
DEBUG:PIL.PngImagePlugin:STREAM b'iTXt' 62 1261
DEBUG:PIL.PngImagePlugin:STREAM b'IDAT' 1335 25740
DEBUG:PIL.PngImagePlugin:STREAM b'IHDR' 16 13
DEBUG:PIL.PngImagePlugin:STREAM b'IDAT' 41 25784
DEBUG:PIL.PngImagePlugin:STREAM b'IHDR' 16 13
DEBUG:PIL.PngImagePlugin:STREAM b'pHYs' 41 9
DEBUG:PIL.PngImagePlugin:STREAM b'iTXt' 62 1261
DEBUG:PIL.PngImagePlugin:STREAM b'IDAT' 1335 25740
DEBUG:PIL.PngImagePlugin:STREAM b'IHDR' 16 13
DEBUG:PIL.PngImagePlugin:STREAM b'IDAT' 41 25784
DEBUG:PIL.PngImagePlugin:STREAM b'IHDR' 16 13
DEBUG:PIL.PngImagePlugin:STREAM b'pHYs' 41 9
DEBUG:PIL.PngImagePlugin:STREAM b'iTXt' 62 1261
DEBUG:PIL.PngImagePlugin:STREAM b'IDAT' 1335 25740
DEBUG:PIL.PngImagePlugin:STREAM b'IHDR' 16 13
DEBUG:PIL.PngImagePlugin:STREAM b'IDAT' 41 25784
DEBUG:PIL.PngImagePlugin:STREAM b'IHDR' 16 13
DEBUG:PIL.PngImagePlugin:STREAM b'pHYs' 41 9
DEBUG:PIL.PngImagePlugin:STREAM b'iTXt' 62 1261
DEBUG:PIL.PngImagePlugin:STREAM b'IDAT' 1335 25740
DEBUG:PIL.PngImagePlugin:STREAM b'IHDR' 16 13
DEBUG:PIL.PngImagePlugin:STREAM b'IDAT' 41 25784
DEBUG:PIL.PngImagePlugin:STREAM b'IHDR' 16 13
DEBUG:PIL.PngImagePlugin:STREAM b'pHYs' 41 9
DEBUG:PIL.PngImagePlugin:STREAM b'iTXt' 62 1261
DEBUG:PIL.PngImagePlugin:STREAM b'IDAT' 1335 25740
DEBUG:PIL.PngImagePlugin:STREAM b'IHDR' 16 13
DEBUG:PIL.PngImagePlugin:STREAM b'IDAT' 41 25784
DEBUG:PIL.PngImagePlugin:STREAM b'IHDR' 16 13
DEBUG:PIL.PngImagePlugin:STREAM b'pHYs' 41 9
DEBUG:PIL.PngImagePlugin:STREAM b'iTXt' 62 1261
DEBUG:PIL.PngImagePlugin:STREAM b'IDAT' 1335 25740
DEBUG:PIL.PngImagePlugin:STREAM b'IHDR' 16 13
DEBUG:PIL.PngImagePlugin:STREAM b'IDAT' 41 25784
DEBUG:PIL.PngImagePlugin:STREAM b'IHDR' 16 13
DEBUG:PIL.PngImagePlugin:STREAM b'pHYs' 41 9
DEBUG:PIL.PngImagePlugin:STREAM b'iTXt' 62 1261
DEBUG:PIL.PngImagePlugin:STREAM b'IDAT' 1335 25740
DEBUG:PIL.PngImagePlugin:STREAM b'IHDR' 16 13
DEBUG:PIL.PngImagePlugin:STREAM b'IDAT' 41 25784
DEBUG:PIL.PngImagePlugin:STREAM b'IHDR' 16 13
DEBUG:PIL.PngImagePlugin:STREAM b'pHYs' 41 9
DEBUG:PIL.PngImagePlugin:STREAM b'iTXt' 62 1261
DEBUG:PIL.PngImagePlugin:STREAM b'IDAT' 1335 25740
DEBUG:PIL.PngImagePlugin:STREAM b'IHDR' 16 13
DEBUG:PIL.PngImagePlugin:STREAM b'IDAT' 41 25784
DEBUG:PIL.PngImagePlugin:STREAM b'IHDR' 16 13
DEBUG:PIL.PngImagePlugin:STREAM b'pHYs' 41 9
DEBUG:PIL.PngImagePlugin:STREAM b'iTXt' 62 1261
DEBUG:PIL.PngImagePlugin:STREAM b'IDAT' 1335 25740
DEBUG:PIL.PngImagePlugin:STREAM b'IHDR' 16 13
DEBUG:PIL.PngImagePlugin:STREAM b'IDAT' 41 25784
DEBUG:PIL.PngImagePlugin:STREAM b'IHDR' 16 13
DEBUG:PIL.PngImagePlugin:STREAM b'pHYs' 41 9
DEBUG:PIL.PngImagePlugin:STREAM b'iTXt' 62 1261
DEBUG:PIL.PngImagePlugin:STREAM b'IDAT' 1335 25740
DEBUG:PIL.PngImagePlugin:STREAM b'IHDR' 16 13
DEBUG:PIL.PngImagePlugin:STREAM b'IDAT' 41 25784
DEBUG:PIL.PngImagePlugin:STREAM b'IHDR' 16 13
DEBUG:PIL.PngImagePlugin:STREAM b'pHYs' 41 9
DEBUG:PIL.PngImagePlugin:STREAM b'iTXt' 62 1261
DEBUG:PIL.PngImagePlugin:STREAM b'IDAT' 1335 25740
DEBUG:PIL.PngImagePlugin:STREAM b'IHDR' 16 13
DEBUG:PIL.PngImagePlugin:STREAM b'pHYs' 41 9
DEBUG:PIL.PngImagePlugin:STREAM b'iTXt' 62 1261
DEBUG:PIL.PngImagePlugin:STREAM b'IDAT' 1335 25740
DEBUG:PIL.PngImagePlugin:STREAM b'IHDR' 16 13
DEBUG:PIL.PngImagePlugin:STREAM b'IDAT' 41 25782
DEBUG:PIL.PngImagePlugin:STREAM b'IHDR' 16 13
DEBUG:PIL.PngImagePlugin:STREAM b'pHYs' 41 9
DEBUG:PIL.PngImagePlugin:STREAM b'iTXt' 62 1261
DEBUG:PIL.PngImagePlugin:STREAM b'IDAT' 1335 25740
DEBUG:PIL.PngImagePlugin:STREAM b'IHDR' 16 13
DEBUG:PIL.PngImagePlugin:STREAM b'pHYs' 41 9
DEBUG:PIL.PngImagePlugin:STREAM b'iTXt' 62 1261
DEBUG:PIL.PngImagePlugin:STREAM b'IDAT' 1335 25740
DEBUG:PIL.PngImagePlugin:STREAM b'IHDR' 16 13
DEBUG:PIL.PngImagePlugin:STREAM b'IDAT' 41 25777
DEBUG:PIL.PngImagePlugin:STREAM b'IHDR' 16 13
DEBUG:PIL.PngImagePlugin:STREAM b'pHYs' 41 9
DEBUG:PIL.PngImagePlugin:STREAM b'iTXt' 62 1261
DEBUG:PIL.PngImagePlugin:STREAM b'IDAT' 1335 25740
DEBUG:PIL.PngImagePlugin:STREAM b'IHDR' 16 13
DEBUG:PIL.PngImagePlugin:STREAM b'pHYs' 41 9
DEBUG:PIL.PngImagePlugin:STREAM b'iTXt' 62 1261
DEBUG:PIL.PngImagePlugin:STREAM b'IDAT' 1335 25740
DEBUG:PIL.PngImagePlugin:STREAM b'IHDR' 16 13
DEBUG:PIL.PngImagePlugin:STREAM b'pHYs' 41 9
DEBUG:PIL.PngImagePlugin:STREAM b'iTXt' 62 1261
DEBUG:PIL.PngImagePlugin:STREAM b'IDAT' 1335 25740
DEBUG:PIL.PngImagePlugin:STREAM b'IHDR' 16 13
DEBUG:PIL.PngImagePlugin:STREAM b'IDAT' 41 25782
DEBUG:PIL.PngImagePlugin:STREAM b'IHDR' 16 13
DEBUG:PIL.PngImagePlugin:STREAM b'pHYs' 41 9
DEBUG:PIL.PngImagePlugin:STREAM b'iTXt' 62 1261
DEBUG:PIL.PngImagePlugin:STREAM b'IDAT' 1335 25740
